<?xml version="1.0" encoding="UTF-8"?>
<!-- Generated by org.testng.reporters.JUnitReportReporter -->
<testsuite hostname="snehap-w7" name="com.mercury.bdd.login.RunnerLogin" tests="1" failures="0" timestamp="2 Jun 2016 05:52:49 GMT" time="14.945" errors="0">
  <testcase name="run_cukes" time="14.945" classname="com.mercury.bdd.login.RunnerLogin"/>
</testsuite> <!-- com.mercury.bdd.login.RunnerLogin -->
