<?xml version="1.0" encoding="UTF-8"?>
<!-- Generated by org.testng.reporters.JUnitReportReporter -->
<testsuite hostname="Shivapa-w7" name="com.mercury.bdd.login.RunnerLogin" tests="1" failures="0" timestamp="28 Sep 2017 09:36:21 GMT" time="26.047" errors="0">
  <testcase name="run_cukes" time="26.047" classname="com.mercury.bdd.login.RunnerLogin"/>
</testsuite> <!-- com.mercury.bdd.login.RunnerLogin -->
