<?xml version="1.0" encoding="UTF-8"?>
<!-- Generated by org.testng.reporters.JUnitReportReporter -->
<testsuite hostname="Shivapa-w7" name="com.mercury.bdd.register.RunnerRegister" tests="1" failures="0" timestamp="28 Sep 2017 09:36:21 GMT" time="22.194" errors="0">
  <testcase name="run_cukes" time="22.194" classname="com.mercury.bdd.register.RunnerRegister"/>
</testsuite> <!-- com.mercury.bdd.register.RunnerRegister -->
